Сборка начата 09.12.2025 17:02:28.
Уровень детализации журнала: Normal.     1>Проект "C:\Users\Артур\Desktop\opiigra\game\Project1\Project1.vcxproj" в узле 2 (целевые объекты Build).
     1>PrepareForBuild:
         Структурированный вывод включен. Форматирование диагностики компилятора будет отражать иерархию ошибок. Подробнее см. https://aka.ms/cpp/structured-output.
       InitializeBuildStatus:
         Создание "Project1\x64\Debug\Project1.tlog\unsuccessfulbuild", так как было задано "AlwaysCreate".
         Обращение к "Project1\x64\Debug\Project1.tlog\unsuccessfulbuild".
       ClCompile:
         C:\Program Files\Microsoft Visual Studio\2022\Community\VC\Tools\MSVC\14.44.35207\bin\HostX64\x64\CL.exe /c /ZI /JMC /nologo /W3 /WX- /diagnostics:column /sdl /Od /D _DEBUG /D _CONSOLE /D _UNICODE /D UNICODE /Gm- /EHsc /RTC1 /MDd /GS /fp:precise /Zc:wchar_t /Zc:forScope /Zc:inline /permissive- /Fo"Project1\x64\Debug\\" /Fd"Project1\x64\Debug\vc143.pdb" /external:W3 /Gd /TP /FC /errorReport:prompt main.cpp
         main.cpp
     1>C:\Users\Артур\Desktop\opiigra\game\Project1\main.cpp(329,9): warning C4551: в вызове функции отсутствует список аргументов
       Link:
         C:\Program Files\Microsoft Visual Studio\2022\Community\VC\Tools\MSVC\14.44.35207\bin\HostX64\x64\link.exe /ERRORREPORT:PROMPT /OUT:"C:\Users\Артур\Desktop\opiigra\game\Project1\x64\Debug\Project1.exe" /INCREMENTAL /ILK:"Project1\x64\Debug\Project1.ilk" /NOLOGO kernel32.lib user32.lib gdi32.lib winspool.lib comdlg32.lib advapi32.lib shell32.lib ole32.lib oleaut32.lib uuid.lib odbc32.lib odbccp32.lib /MANIFEST /MANIFESTUAC:"level='asInvoker' uiAccess='false'" /manifest:embed /DEBUG /PDB:"C:\Users\Артур\Desktop\opiigra\game\Project1\x64\Debug\Project1.pdb" /SUBSYSTEM:CONSOLE /TLBID:1 /DYNAMICBASE /NXCOMPAT /IMPLIB:"C:\Users\Артур\Desktop\opiigra\game\Project1\x64\Debug\Project1.lib" /MACHINE:X64 Project1\x64\Debug\main.obj
         Project1.vcxproj -> C:\Users\Артур\Desktop\opiigra\game\Project1\x64\Debug\Project1.exe
       FinalizeBuildStatus:
         Файл "Project1\x64\Debug\Project1.tlog\unsuccessfulbuild" удаляется.
         Обращение к "Project1\x64\Debug\Project1.tlog\Project1.lastbuildstate".
     1>Сборка проекта "C:\Users\Артур\Desktop\opiigra\game\Project1\Project1.vcxproj" завершена (целевые объекты Build).

Сборка успешно завершена.

       "C:\Users\Артур\Desktop\opiigra\game\Project1\Project1.vcxproj" (целевой объект Build ) (1) ->
       (Целевой объект ClCompile) -> 
         C:\Users\Артур\Desktop\opiigra\game\Project1\main.cpp(329,9): warning C4551: в вызове функции отсутствует список аргументов

    Предупреждений: 1
    Ошибок: 0

Прошло времени 00:00:01.63
